<?xml version="1.0" encoding="UTF-8"?>
<!-- Generated by org.testng.reporters.JUnitReportReporter -->
<testsuite hostname="PF2C5J5X" failures="0" tests="1" name="com.automationmavenjenkins.Automationmavenjenkins.LaunchTest" time="8.462" errors="0" timestamp="2024-06-26T23:52:26 IST" skipped="0">
  <testcase classname="com.automationmavenjenkins.Automationmavenjenkins.LaunchTest" name="launch" time="8.462"/>
</testsuite> <!-- com.automationmavenjenkins.Automationmavenjenkins.LaunchTest -->
